<?xml version="1.0" encoding="UTF-8"?>
<testsuite name="Test different actions on the Static Table page" tests="1" skipped="0" failures="0" errors="0" timestamp="2021-11-29T19:12:46" hostname="192.168.0.105" time="10.33">
  <properties/>
  <testcase name="As a Test Engineer, I want to retrieve the value of a static table." classname="Test different actions on the Static Table page" time="10.33"/>
  <system-out><![CDATA[..]]></system-out>
  <system-err><![CDATA[Starting ChromeDriver 95.0.4638.54 (d31a821ec901f68d0d34ccdbaea45b4c86ce543e-refs/branch-heads/4638@{#871}) on port 9594
Only local connections are allowed.
Please see https://chromedriver.chromium.org/security-considerations for suggestions on keeping ChromeDriver safe.
ChromeDriver was started successfully.
[1638213169.419][WARNING]: This version of ChromeDriver has not been tested with Chrome version 96.
nov 29, 2021 4:12:49 PM org.openqa.selenium.remote.ProtocolHandshake createSession
INFORMACI?N: Detected dialect: W3C
]]></system-err>
</testsuite>
