<?xml version="1.0" encoding="UTF-8"?>
<testsuite name="runner.runner" tests="0" skipped="0" failures="0" errors="0" timestamp="1970-01-01T00:00:00" hostname="192.168.0.105" time="0.0">
  <properties/>
  <system-out><![CDATA[
1 Scenarios (1 passed)
2 Steps (2 passed)
0m10,539s


]]></system-out>
  <system-err><![CDATA[WARNING: Found tags option '@Grid,'. Support for '@tag1,@tag2' will be removed from the next release of Cucumber-JVM. Please use '@tag or @tag2' instead
]]></system-err>
</testsuite>
