<?xml version="1.0" encoding="UTF-8"?>
<testsuite name="Test different actions on the Static Table page" tests="1" skipped="0" failures="0" errors="0" timestamp="2021-11-29T21:53:35" hostname="192.168.0.105" time="9.253">
  <properties/>
  <testcase name="As a Test Engineer, I want to retrieve the value of a static table." classname="Test different actions on the Static Table page" time="9.253"/>
  <system-out><![CDATA[]]></system-out>
  <system-err><![CDATA[Starting ChromeDriver 95.0.4638.54 (d31a821ec901f68d0d34ccdbaea45b4c86ce543e-refs/branch-heads/4638@{#871}) on port 10576
Only local connections are allowed.
Please see https://chromedriver.chromium.org/security-considerations for suggestions on keeping ChromeDriver safe.
ChromeDriver was started successfully.
[1638222818.635][WARNING]: This version of ChromeDriver has not been tested with Chrome version 96.
Nov 29, 2021 6:53:38 PM org.openqa.selenium.remote.ProtocolHandshake createSession
INFO: Detected dialect: W3C
]]></system-err>
</testsuite>
